{"/home/rguarinoni/Documents/findAMusicien/api/postgres.ts": {"path":"/home/rguarinoni/Documents/findAMusicien/api/postgres.ts","statementMap":{"0":{"start":{"line":3,"column":11},"end":{"line":9,"column":2}}},"fnMap":{},"branchMap":{},"s":{"0":11},"f":{},"b":{},"_coverageSchema":"1a1c01bbd47fc00a2c39e90264f33305004495a9","hash":"218a606fc78a31e7b5ecf4429723ef9802abd036"}
,"/home/rguarinoni/Documents/findAMusicien/api/auth/authenticateToken.ts": {"path":"/home/rguarinoni/Documents/findAMusicien/api/auth/authenticateToken.ts","statementMap":{"0":{"start":{"line":15,"column":21},"end":{"line":15,"column":49}},"1":{"start":{"line":16,"column":22},"end":{"line":16,"column":47}},"2":{"start":{"line":17,"column":2},"end":{"line":19,"column":3}},"3":{"start":{"line":18,"column":4},"end":{"line":18,"column":71}},"4":{"start":{"line":21,"column":2},"end":{"line":33,"column":4}},"5":{"start":{"line":25,"column":6},"end":{"line":27,"column":7}},"6":{"start":{"line":26,"column":8},"end":{"line":26,"column":68}},"7":{"start":{"line":29,"column":6},"end":{"line":29,"column":33}},"8":{"start":{"line":31,"column":6},"end":{"line":31,"column":13}}},"fnMap":{"0":{"name":"authenticateToken","decl":{"start":{"line":10,"column":24},"end":{"line":10,"column":41}},"loc":{"start":{"line":14,"column":8},"end":{"line":34,"column":1}},"line":14},"1":{"name":"(anonymous_1)","decl":{"start":{"line":24,"column":4},"end":{"line":24,"column":5}},"loc":{"start":{"line":24,"column":38},"end":{"line":32,"column":5}},"line":24}},"branchMap":{"0":{"loc":{"start":{"line":17,"column":2},"end":{"line":19,"column":3}},"type":"if","locations":[{"start":{"line":17,"column":2},"end":{"line":19,"column":3}},{"start":{},"end":{}}],"line":17},"1":{"loc":{"start":{"line":25,"column":6},"end":{"line":27,"column":7}},"type":"if","locations":[{"start":{"line":25,"column":6},"end":{"line":27,"column":7}},{"start":{},"end":{}}],"line":25},"2":{"loc":{"start":{"line":25,"column":10},"end":{"line":25,"column":66}},"type":"binary-expr","locations":[{"start":{"line":25,"column":10},"end":{"line":25,"column":13}},{"start":{"line":25,"column":17},"end":{"line":25,"column":66}}],"line":25}},"s":{"0":17,"1":17,"2":17,"3":0,"4":17,"5":17,"6":2,"7":17,"8":15},"f":{"0":17,"1":17},"b":{"0":[0,17],"1":[2,15],"2":[17,15]},"_coverageSchema":"1a1c01bbd47fc00a2c39e90264f33305004495a9","hash":"d6af0652d7537181cd2cec200078f0b4087839c9"}
,"/home/rguarinoni/Documents/findAMusicien/api/auth/generateToken.ts": {"path":"/home/rguarinoni/Documents/findAMusicien/api/auth/generateToken.ts","statementMap":{"0":{"start":{"line":8,"column":25},"end":{"line":8,"column":29}},"1":{"start":{"line":14,"column":2},"end":{"line":27,"column":3}},"2":{"start":{"line":16,"column":6},"end":{"line":18,"column":9}},"3":{"start":{"line":20,"column":6},"end":{"line":26,"column":8}}},"fnMap":{"0":{"name":"generateToken","decl":{"start":{"line":10,"column":24},"end":{"line":10,"column":37}},"loc":{"start":{"line":13,"column":10},"end":{"line":28,"column":1}},"line":13}},"branchMap":{"0":{"loc":{"start":{"line":14,"column":2},"end":{"line":27,"column":3}},"type":"switch","locations":[{"start":{"line":15,"column":4},"end":{"line":18,"column":9}},{"start":{"line":19,"column":4},"end":{"line":26,"column":8}}],"line":14}},"s":{"0":11,"1":16,"2":12,"3":4},"f":{"0":16},"b":{"0":[12,4]},"_coverageSchema":"1a1c01bbd47fc00a2c39e90264f33305004495a9","hash":"67ad2de2e2800602623ac01e6ffea78122048a66"}
,"/home/rguarinoni/Documents/findAMusicien/api/docs/config/basicInfo.ts": {"path":"/home/rguarinoni/Documents/findAMusicien/api/docs/config/basicInfo.ts","statementMap":{"0":{"start":{"line":3,"column":41},"end":{"line":12,"column":1}}},"fnMap":{},"branchMap":{},"s":{"0":11},"f":{},"b":{},"_coverageSchema":"1a1c01bbd47fc00a2c39e90264f33305004495a9","hash":"332b96ec6df052d99a2f0167c825b97f3d33547a"}
,"/home/rguarinoni/Documents/findAMusicien/api/docs/config/components.ts": {"path":"/home/rguarinoni/Documents/findAMusicien/api/docs/config/components.ts","statementMap":{"0":{"start":{"line":3,"column":53},"end":{"line":96,"column":1}}},"fnMap":{},"branchMap":{},"s":{"0":11},"f":{},"b":{},"_coverageSchema":"1a1c01bbd47fc00a2c39e90264f33305004495a9","hash":"f5be9b4a8d2b5d1439da9e716de2efae77607c66"}
,"/home/rguarinoni/Documents/findAMusicien/api/docs/config/index.ts": {"path":"/home/rguarinoni/Documents/findAMusicien/api/docs/config/index.ts","statementMap":{"0":{"start":{"line":9,"column":33},"end":{"line":17,"column":1}}},"fnMap":{},"branchMap":{},"s":{"0":11},"f":{},"b":{},"_coverageSchema":"1a1c01bbd47fc00a2c39e90264f33305004495a9","hash":"2598a9150a24c44c554346de4b8579101bd8277a"}
,"/home/rguarinoni/Documents/findAMusicien/api/docs/config/paths.ts": {"path":"/home/rguarinoni/Documents/findAMusicien/api/docs/config/paths.ts","statementMap":{"0":{"start":{"line":1,"column":117},"end":{"line":1,"column":11644}}},"fnMap":{},"branchMap":{},"s":{"0":11},"f":{},"b":{},"_coverageSchema":"1a1c01bbd47fc00a2c39e90264f33305004495a9","hash":"f1db5b3a2e4e9a9ea8f6349f397bfe4fa2c50a23"}
,"/home/rguarinoni/Documents/findAMusicien/api/docs/config/security.ts": {"path":"/home/rguarinoni/Documents/findAMusicien/api/docs/config/security.ts","statementMap":{"0":{"start":{"line":3,"column":49},"end":{"line":3,"column":51}}},"fnMap":{},"branchMap":{},"s":{"0":11},"f":{},"b":{},"_coverageSchema":"1a1c01bbd47fc00a2c39e90264f33305004495a9","hash":"9c9c569a037982c7c0c37de004cbc488251d59da"}
,"/home/rguarinoni/Documents/findAMusicien/api/docs/config/servers.ts": {"path":"/home/rguarinoni/Documents/findAMusicien/api/docs/config/servers.ts","statementMap":{"0":{"start":{"line":3,"column":46},"end":{"line":8,"column":1}}},"fnMap":{},"branchMap":{},"s":{"0":11},"f":{},"b":{},"_coverageSchema":"1a1c01bbd47fc00a2c39e90264f33305004495a9","hash":"bbd888a1c089e9db046d021f479c8c3f9505b933"}
,"/home/rguarinoni/Documents/findAMusicien/api/docs/config/tags.ts": {"path":"/home/rguarinoni/Documents/findAMusicien/api/docs/config/tags.ts","statementMap":{"0":{"start":{"line":3,"column":41},"end":{"line":16,"column":1}}},"fnMap":{},"branchMap":{},"s":{"0":11},"f":{},"b":{},"_coverageSchema":"1a1c01bbd47fc00a2c39e90264f33305004495a9","hash":"7fbce6ff8dce7df36492ca0baede3e4a59fa39f5"}
,"/home/rguarinoni/Documents/findAMusicien/api/routes/apiTest.ts": {"path":"/home/rguarinoni/Documents/findAMusicien/api/routes/apiTest.ts","statementMap":{"0":{"start":{"line":11,"column":15},"end":{"line":11,"column":31}},"1":{"start":{"line":15,"column":0},"end":{"line":31,"column":2}},"2":{"start":{"line":26,"column":19},"end":{"line":26,"column":29}},"3":{"start":{"line":27,"column":4},"end":{"line":29,"column":7}}},"fnMap":{"0":{"name":"(anonymous_0)","decl":{"start":{"line":17,"column":2},"end":{"line":17,"column":3}},"loc":{"start":{"line":25,"column":7},"end":{"line":30,"column":3}},"line":25}},"branchMap":{},"s":{"0":11,"1":11,"2":1,"3":1},"f":{"0":1},"b":{},"_coverageSchema":"1a1c01bbd47fc00a2c39e90264f33305004495a9","hash":"6d12b28765c2b03dd90952294e323d1543de6c8c"}
,"/home/rguarinoni/Documents/findAMusicien/api/routes/genres.ts": {"path":"/home/rguarinoni/Documents/findAMusicien/api/routes/genres.ts","statementMap":{"0":{"start":{"line":8,"column":15},"end":{"line":8,"column":31}},"1":{"start":{"line":12,"column":0},"end":{"line":27,"column":2}},"2":{"start":{"line":18,"column":4},"end":{"line":25,"column":5}},"3":{"start":{"line":19,"column":23},"end":{"line":21,"column":6}},"4":{"start":{"line":22,"column":6},"end":{"line":22,"column":40}},"5":{"start":{"line":24,"column":6},"end":{"line":24,"column":70}}},"fnMap":{"0":{"name":"(anonymous_0)","decl":{"start":{"line":14,"column":2},"end":{"line":14,"column":3}},"loc":{"start":{"line":17,"column":7},"end":{"line":26,"column":3}},"line":17}},"branchMap":{},"s":{"0":11,"1":11,"2":1,"3":1,"4":1,"5":0},"f":{"0":1},"b":{},"_coverageSchema":"1a1c01bbd47fc00a2c39e90264f33305004495a9","hash":"faa984f72b1bf56e3bf9944f0f097888e95425bd"}
,"/home/rguarinoni/Documents/findAMusicien/api/routes/groupInvitation.ts": {"path":"/home/rguarinoni/Documents/findAMusicien/api/routes/groupInvitation.ts","statementMap":{"0":{"start":{"line":11,"column":15},"end":{"line":11,"column":31}},"1":{"start":{"line":13,"column":0},"end":{"line":78,"column":2}},"2":{"start":{"line":28,"column":23},"end":{"line":28,"column":42}},"3":{"start":{"line":29,"column":20},"end":{"line":29,"column":36}},"4":{"start":{"line":30,"column":22},"end":{"line":30,"column":32}},"5":{"start":{"line":31,"column":23},"end":{"line":31,"column":44}},"6":{"start":{"line":32,"column":17},"end":{"line":32,"column":30}},"7":{"start":{"line":33,"column":4},"end":{"line":76,"column":5}},"8":{"start":{"line":34,"column":44},"end":{"line":38,"column":10}},"9":{"start":{"line":40,"column":6},"end":{"line":42,"column":7}},"10":{"start":{"line":41,"column":8},"end":{"line":41,"column":66}},"11":{"start":{"line":44,"column":36},"end":{"line":48,"column":10}},"12":{"start":{"line":50,"column":6},"end":{"line":54,"column":7}},"13":{"start":{"line":51,"column":8},"end":{"line":53,"column":11}},"14":{"start":{"line":56,"column":6},"end":{"line":70,"column":11}},"15":{"start":{"line":72,"column":6},"end":{"line":72,"column":63}},"16":{"start":{"line":74,"column":6},"end":{"line":74,"column":23}},"17":{"start":{"line":75,"column":6},"end":{"line":75,"column":70}},"18":{"start":{"line":80,"column":0},"end":{"line":123,"column":2}},"19":{"start":{"line":94,"column":4},"end":{"line":121,"column":5}},"20":{"start":{"line":95,"column":45},"end":{"line":99,"column":6}},"21":{"start":{"line":101,"column":6},"end":{"line":105,"column":7}},"22":{"start":{"line":102,"column":8},"end":{"line":104,"column":66}},"23":{"start":{"line":107,"column":6},"end":{"line":109,"column":7}},"24":{"start":{"line":108,"column":8},"end":{"line":108,"column":79}},"25":{"start":{"line":111,"column":6},"end":{"line":116,"column":9}},"26":{"start":{"line":118,"column":6},"end":{"line":118,"column":67}},"27":{"start":{"line":120,"column":6},"end":{"line":120,"column":70}}},"fnMap":{"0":{"name":"(anonymous_0)","decl":{"start":{"line":15,"column":2},"end":{"line":15,"column":3}},"loc":{"start":{"line":27,"column":7},"end":{"line":77,"column":3}},"line":27},"1":{"name":"(anonymous_1)","decl":{"start":{"line":82,"column":2},"end":{"line":82,"column":3}},"loc":{"start":{"line":93,"column":7},"end":{"line":122,"column":3}},"line":93}},"branchMap":{"0":{"loc":{"start":{"line":40,"column":6},"end":{"line":42,"column":7}},"type":"if","locations":[{"start":{"line":40,"column":6},"end":{"line":42,"column":7}},{"start":{},"end":{}}],"line":40},"1":{"loc":{"start":{"line":50,"column":6},"end":{"line":54,"column":7}},"type":"if","locations":[{"start":{"line":50,"column":6},"end":{"line":54,"column":7}},{"start":{},"end":{}}],"line":50},"2":{"loc":{"start":{"line":50,"column":10},"end":{"line":50,"column":70}},"type":"binary-expr","locations":[{"start":{"line":50,"column":10},"end":{"line":50,"column":34}},{"start":{"line":50,"column":38},"end":{"line":50,"column":70}}],"line":50},"3":{"loc":{"start":{"line":101,"column":6},"end":{"line":105,"column":7}},"type":"if","locations":[{"start":{"line":101,"column":6},"end":{"line":105,"column":7}},{"start":{},"end":{}}],"line":101},"4":{"loc":{"start":{"line":107,"column":6},"end":{"line":109,"column":7}},"type":"if","locations":[{"start":{"line":107,"column":6},"end":{"line":109,"column":7}},{"start":{},"end":{}}],"line":107}},"s":{"0":11,"1":11,"2":4,"3":4,"4":4,"5":4,"6":4,"7":4,"8":4,"9":4,"10":1,"11":3,"12":3,"13":2,"14":1,"15":1,"16":0,"17":0,"18":11,"19":3,"20":3,"21":3,"22":1,"23":2,"24":1,"25":1,"26":1,"27":0},"f":{"0":4,"1":3},"b":{"0":[1,3],"1":[2,1],"2":[3,2],"3":[1,2],"4":[1,1]},"_coverageSchema":"1a1c01bbd47fc00a2c39e90264f33305004495a9","hash":"d9095d3e5efd08eb7fb69cd929241b3760caf802"}
,"/home/rguarinoni/Documents/findAMusicien/api/routes/groups.ts": {"path":"/home/rguarinoni/Documents/findAMusicien/api/routes/groups.ts","statementMap":{"0":{"start":{"line":13,"column":15},"end":{"line":13,"column":31}},"1":{"start":{"line":15,"column":0},"end":{"line":15,"column":44}},"2":{"start":{"line":18,"column":0},"end":{"line":68,"column":2}},"3":{"start":{"line":24,"column":50},"end":{"line":24,"column":52}},"4":{"start":{"line":25,"column":4},"end":{"line":66,"column":5}},"5":{"start":{"line":27,"column":31},"end":{"line":29,"column":10}},"6":{"start":{"line":32,"column":6},"end":{"line":37,"column":9}},"7":{"start":{"line":33,"column":8},"end":{"line":36,"column":10}},"8":{"start":{"line":40,"column":6},"end":{"line":48,"column":7}},"9":{"start":{"line":40,"column":23},"end":{"line":40,"column":24}},"10":{"start":{"line":41,"column":33},"end":{"line":46,"column":10}},"11":{"start":{"line":47,"column":8},"end":{"line":47,"column":56}},"12":{"start":{"line":51,"column":6},"end":{"line":62,"column":7}},"13":{"start":{"line":51,"column":23},"end":{"line":51,"column":24}},"14":{"start":{"line":52,"column":39},"end":{"line":60,"column":12}},"15":{"start":{"line":61,"column":8},"end":{"line":61,"column":52}},"16":{"start":{"line":63,"column":6},"end":{"line":63,"column":44}},"17":{"start":{"line":65,"column":6},"end":{"line":65,"column":68}},"18":{"start":{"line":74,"column":0},"end":{"line":143,"column":2}},"19":{"start":{"line":89,"column":4},"end":{"line":141,"column":5}},"20":{"start":{"line":90,"column":22},"end":{"line":90,"column":30}},"21":{"start":{"line":92,"column":6},"end":{"line":108,"column":7}},"22":{"start":{"line":93,"column":8},"end":{"line":105,"column":7}},"23":{"start":{"line":107,"column":8},"end":{"line":107,"column":75}},"24":{"start":{"line":110,"column":6},"end":{"line":120,"column":7}},"25":{"start":{"line":110,"column":23},"end":{"line":110,"column":24}},"26":{"start":{"line":111,"column":8},"end":{"line":119,"column":11}},"27":{"start":{"line":122,"column":6},"end":{"line":136,"column":9}},"28":{"start":{"line":138,"column":6},"end":{"line":138,"column":33}},"29":{"start":{"line":140,"column":6},"end":{"line":140,"column":70}}},"fnMap":{"0":{"name":"(anonymous_0)","decl":{"start":{"line":20,"column":2},"end":{"line":20,"column":3}},"loc":{"start":{"line":23,"column":7},"end":{"line":67,"column":3}},"line":23},"1":{"name":"(anonymous_1)","decl":{"start":{"line":32,"column":21},"end":{"line":32,"column":22}},"loc":{"start":{"line":32,"column":39},"end":{"line":37,"column":7}},"line":32},"2":{"name":"(anonymous_2)","decl":{"start":{"line":76,"column":2},"end":{"line":76,"column":3}},"loc":{"start":{"line":88,"column":7},"end":{"line":142,"column":3}},"line":88}},"branchMap":{},"s":{"0":11,"1":11,"2":11,"3":1,"4":1,"5":1,"6":1,"7":1,"8":1,"9":1,"10":1,"11":1,"12":1,"13":1,"14":1,"15":1,"16":1,"17":0,"18":11,"19":2,"20":2,"21":2,"22":2,"23":1,"24":1,"25":1,"26":1,"27":1,"28":1,"29":0},"f":{"0":1,"1":1,"2":2},"b":{},"_coverageSchema":"1a1c01bbd47fc00a2c39e90264f33305004495a9","hash":"99c27d689b116dd2ac0ea15186dde2e6c0bc2798"}
,"/home/rguarinoni/Documents/findAMusicien/api/routes/instruments.ts": {"path":"/home/rguarinoni/Documents/findAMusicien/api/routes/instruments.ts","statementMap":{"0":{"start":{"line":11,"column":15},"end":{"line":11,"column":31}},"1":{"start":{"line":13,"column":0},"end":{"line":37,"column":2}},"2":{"start":{"line":23,"column":4},"end":{"line":35,"column":5}},"3":{"start":{"line":31,"column":10},"end":{"line":31,"column":56}},"4":{"start":{"line":32,"column":6},"end":{"line":32,"column":40}},"5":{"start":{"line":34,"column":6},"end":{"line":34,"column":70}}},"fnMap":{"0":{"name":"(anonymous_0)","decl":{"start":{"line":15,"column":2},"end":{"line":15,"column":3}},"loc":{"start":{"line":22,"column":7},"end":{"line":36,"column":3}},"line":22}},"branchMap":{},"s":{"0":11,"1":11,"2":1,"3":1,"4":1,"5":0},"f":{"0":1},"b":{},"_coverageSchema":"1a1c01bbd47fc00a2c39e90264f33305004495a9","hash":"4d49cda16b1c8dac8fd758d3ba2e7ed2a326284c"}
,"/home/rguarinoni/Documents/findAMusicien/api/routes/login.ts": {"path":"/home/rguarinoni/Documents/findAMusicien/api/routes/login.ts","statementMap":{"0":{"start":{"line":15,"column":15},"end":{"line":15,"column":31}},"1":{"start":{"line":17,"column":0},"end":{"line":94,"column":2}},"2":{"start":{"line":23,"column":17},"end":{"line":23,"column":25}},"3":{"start":{"line":25,"column":21},"end":{"line":30,"column":5}},"4":{"start":{"line":32,"column":4},"end":{"line":34,"column":5}},"5":{"start":{"line":33,"column":6},"end":{"line":33,"column":61}},"6":{"start":{"line":36,"column":21},"end":{"line":36,"column":37}},"7":{"start":{"line":38,"column":4},"end":{"line":92,"column":5}},"8":{"start":{"line":39,"column":21},"end":{"line":39,"column":66}},"9":{"start":{"line":41,"column":6},"end":{"line":43,"column":7}},"10":{"start":{"line":42,"column":8},"end":{"line":42,"column":67}},"11":{"start":{"line":45,"column":26},"end":{"line":48,"column":7}},"12":{"start":{"line":50,"column":27},"end":{"line":50,"column":77}},"13":{"start":{"line":52,"column":6},"end":{"line":62,"column":9}},"14":{"start":{"line":64,"column":6},"end":{"line":72,"column":8}},"15":{"start":{"line":74,"column":6},"end":{"line":81,"column":8}},"16":{"start":{"line":83,"column":6},"end":{"line":89,"column":9}},"17":{"start":{"line":91,"column":6},"end":{"line":91,"column":63}}},"fnMap":{"0":{"name":"(anonymous_0)","decl":{"start":{"line":19,"column":2},"end":{"line":19,"column":3}},"loc":{"start":{"line":22,"column":7},"end":{"line":93,"column":3}},"line":22}},"branchMap":{"0":{"loc":{"start":{"line":32,"column":4},"end":{"line":34,"column":5}},"type":"if","locations":[{"start":{"line":32,"column":4},"end":{"line":34,"column":5}},{"start":{},"end":{}}],"line":32},"1":{"loc":{"start":{"line":41,"column":6},"end":{"line":43,"column":7}},"type":"if","locations":[{"start":{"line":41,"column":6},"end":{"line":43,"column":7}},{"start":{},"end":{}}],"line":41}},"s":{"0":11,"1":11,"2":5,"3":5,"4":5,"5":1,"6":4,"7":4,"8":4,"9":3,"10":2,"11":1,"12":1,"13":1,"14":1,"15":1,"16":1,"17":1},"f":{"0":5},"b":{"0":[1,4],"1":[2,1]},"_coverageSchema":"1a1c01bbd47fc00a2c39e90264f33305004495a9","hash":"6d7312e52b62ffa597a416c30a24f45989752811"}
,"/home/rguarinoni/Documents/findAMusicien/api/routes/logout.ts": {"path":"/home/rguarinoni/Documents/findAMusicien/api/routes/logout.ts","statementMap":{"0":{"start":{"line":12,"column":15},"end":{"line":12,"column":31}},"1":{"start":{"line":14,"column":0},"end":{"line":52,"column":2}},"2":{"start":{"line":20,"column":4},"end":{"line":50,"column":5}},"3":{"start":{"line":21,"column":6},"end":{"line":24,"column":11}},"4":{"start":{"line":27,"column":6},"end":{"line":35,"column":8}},"5":{"start":{"line":37,"column":6},"end":{"line":45,"column":8}},"6":{"start":{"line":47,"column":6},"end":{"line":47,"column":62}},"7":{"start":{"line":49,"column":6},"end":{"line":49,"column":70}}},"fnMap":{"0":{"name":"(anonymous_0)","decl":{"start":{"line":16,"column":2},"end":{"line":16,"column":3}},"loc":{"start":{"line":19,"column":7},"end":{"line":51,"column":3}},"line":19}},"branchMap":{},"s":{"0":11,"1":11,"2":1,"3":1,"4":1,"5":1,"6":1,"7":0},"f":{"0":1},"b":{},"_coverageSchema":"1a1c01bbd47fc00a2c39e90264f33305004495a9","hash":"3eb0f9e83b24cc571b917e0ee77e41e5021f5b18"}
,"/home/rguarinoni/Documents/findAMusicien/api/routes/musicians.ts": {"path":"/home/rguarinoni/Documents/findAMusicien/api/routes/musicians.ts","statementMap":{"0":{"start":{"line":11,"column":15},"end":{"line":11,"column":31}},"1":{"start":{"line":13,"column":0},"end":{"line":55,"column":2}},"2":{"start":{"line":23,"column":4},"end":{"line":53,"column":5}},"3":{"start":{"line":24,"column":23},"end":{"line":24,"column":67}},"4":{"start":{"line":26,"column":6},"end":{"line":36,"column":7}},"5":{"start":{"line":26,"column":19},"end":{"line":26,"column":20}},"6":{"start":{"line":27,"column":42},"end":{"line":33,"column":6}},"7":{"start":{"line":35,"column":8},"end":{"line":35,"column":49}},"8":{"start":{"line":37,"column":6},"end":{"line":46,"column":7}},"9":{"start":{"line":37,"column":19},"end":{"line":37,"column":20}},"10":{"start":{"line":38,"column":36},"end":{"line":44,"column":6}},"11":{"start":{"line":45,"column":8},"end":{"line":45,"column":38}},"12":{"start":{"line":48,"column":6},"end":{"line":48,"column":40}},"13":{"start":{"line":50,"column":6},"end":{"line":52,"column":66}}},"fnMap":{"0":{"name":"(anonymous_0)","decl":{"start":{"line":15,"column":2},"end":{"line":15,"column":3}},"loc":{"start":{"line":22,"column":7},"end":{"line":54,"column":3}},"line":22}},"branchMap":{},"s":{"0":11,"1":11,"2":1,"3":1,"4":1,"5":1,"6":1,"7":1,"8":1,"9":1,"10":1,"11":1,"12":1,"13":0},"f":{"0":1},"b":{},"_coverageSchema":"1a1c01bbd47fc00a2c39e90264f33305004495a9","hash":"73115fc06f4f789aa7a6884960807df16e415de8"}
,"/home/rguarinoni/Documents/findAMusicien/api/routes/profil.ts": {"path":"/home/rguarinoni/Documents/findAMusicien/api/routes/profil.ts","statementMap":{"0":{"start":{"line":13,"column":15},"end":{"line":13,"column":31}},"1":{"start":{"line":15,"column":0},"end":{"line":57,"column":2}},"2":{"start":{"line":21,"column":4},"end":{"line":55,"column":5}},"3":{"start":{"line":24,"column":10},"end":{"line":28,"column":10}},"4":{"start":{"line":30,"column":44},"end":{"line":36,"column":6}},"5":{"start":{"line":38,"column":39},"end":{"line":44,"column":6}},"6":{"start":{"line":46,"column":23},"end":{"line":50,"column":7}},"7":{"start":{"line":52,"column":6},"end":{"line":52,"column":75}},"8":{"start":{"line":54,"column":6},"end":{"line":54,"column":70}},"9":{"start":{"line":59,"column":0},"end":{"line":195,"column":2}},"10":{"start":{"line":74,"column":4},"end":{"line":193,"column":5}},"11":{"start":{"line":75,"column":6},"end":{"line":81,"column":7}},"12":{"start":{"line":76,"column":8},"end":{"line":80,"column":17}},"13":{"start":{"line":82,"column":6},"end":{"line":88,"column":7}},"14":{"start":{"line":83,"column":8},"end":{"line":87,"column":19}},"15":{"start":{"line":89,"column":6},"end":{"line":95,"column":7}},"16":{"start":{"line":90,"column":8},"end":{"line":94,"column":21}},"17":{"start":{"line":96,"column":6},"end":{"line":102,"column":7}},"18":{"start":{"line":97,"column":8},"end":{"line":101,"column":23}},"19":{"start":{"line":103,"column":6},"end":{"line":109,"column":7}},"20":{"start":{"line":104,"column":8},"end":{"line":108,"column":25}},"21":{"start":{"line":110,"column":6},"end":{"line":116,"column":7}},"22":{"start":{"line":111,"column":8},"end":{"line":115,"column":27}},"23":{"start":{"line":117,"column":6},"end":{"line":123,"column":7}},"24":{"start":{"line":118,"column":8},"end":{"line":122,"column":29}},"25":{"start":{"line":124,"column":6},"end":{"line":130,"column":7}},"26":{"start":{"line":125,"column":8},"end":{"line":129,"column":31}},"27":{"start":{"line":131,"column":6},"end":{"line":137,"column":7}},"28":{"start":{"line":132,"column":8},"end":{"line":136,"column":33}},"29":{"start":{"line":141,"column":6},"end":{"line":162,"column":7}},"30":{"start":{"line":142,"column":8},"end":{"line":157,"column":9}},"31":{"start":{"line":142,"column":25},"end":{"line":142,"column":26}},"32":{"start":{"line":143,"column":10},"end":{"line":147,"column":11}},"33":{"start":{"line":148,"column":10},"end":{"line":156,"column":13}},"34":{"start":{"line":159,"column":8},"end":{"line":161,"column":64}},"35":{"start":{"line":166,"column":6},"end":{"line":185,"column":7}},"36":{"start":{"line":167,"column":8},"end":{"line":182,"column":9}},"37":{"start":{"line":167,"column":25},"end":{"line":167,"column":26}},"38":{"start":{"line":168,"column":10},"end":{"line":172,"column":13}},"39":{"start":{"line":173,"column":10},"end":{"line":181,"column":11}},"40":{"start":{"line":184,"column":8},"end":{"line":184,"column":79}},"41":{"start":{"line":187,"column":6},"end":{"line":187,"column":33}},"42":{"start":{"line":189,"column":6},"end":{"line":189,"column":23}},"43":{"start":{"line":190,"column":6},"end":{"line":192,"column":66}},"44":{"start":{"line":197,"column":0},"end":{"line":222,"column":2}},"45":{"start":{"line":211,"column":4},"end":{"line":220,"column":5}},"46":{"start":{"line":212,"column":6},"end":{"line":215,"column":9}},"47":{"start":{"line":217,"column":6},"end":{"line":217,"column":63}},"48":{"start":{"line":219,"column":6},"end":{"line":219,"column":70}}},"fnMap":{"0":{"name":"(anonymous_0)","decl":{"start":{"line":17,"column":2},"end":{"line":17,"column":3}},"loc":{"start":{"line":20,"column":7},"end":{"line":56,"column":3}},"line":20},"1":{"name":"(anonymous_1)","decl":{"start":{"line":61,"column":2},"end":{"line":61,"column":3}},"loc":{"start":{"line":73,"column":7},"end":{"line":194,"column":3}},"line":73},"2":{"name":"(anonymous_2)","decl":{"start":{"line":199,"column":2},"end":{"line":199,"column":3}},"loc":{"start":{"line":210,"column":7},"end":{"line":221,"column":3}},"line":210}},"branchMap":{"0":{"loc":{"start":{"line":75,"column":6},"end":{"line":81,"column":7}},"type":"if","locations":[{"start":{"line":75,"column":6},"end":{"line":81,"column":7}},{"start":{},"end":{}}],"line":75},"1":{"loc":{"start":{"line":82,"column":6},"end":{"line":88,"column":7}},"type":"if","locations":[{"start":{"line":82,"column":6},"end":{"line":88,"column":7}},{"start":{},"end":{}}],"line":82},"2":{"loc":{"start":{"line":89,"column":6},"end":{"line":95,"column":7}},"type":"if","locations":[{"start":{"line":89,"column":6},"end":{"line":95,"column":7}},{"start":{},"end":{}}],"line":89},"3":{"loc":{"start":{"line":96,"column":6},"end":{"line":102,"column":7}},"type":"if","locations":[{"start":{"line":96,"column":6},"end":{"line":102,"column":7}},{"start":{},"end":{}}],"line":96},"4":{"loc":{"start":{"line":103,"column":6},"end":{"line":109,"column":7}},"type":"if","locations":[{"start":{"line":103,"column":6},"end":{"line":109,"column":7}},{"start":{},"end":{}}],"line":103},"5":{"loc":{"start":{"line":110,"column":6},"end":{"line":116,"column":7}},"type":"if","locations":[{"start":{"line":110,"column":6},"end":{"line":116,"column":7}},{"start":{},"end":{}}],"line":110},"6":{"loc":{"start":{"line":117,"column":6},"end":{"line":123,"column":7}},"type":"if","locations":[{"start":{"line":117,"column":6},"end":{"line":123,"column":7}},{"start":{},"end":{}}],"line":117},"7":{"loc":{"start":{"line":124,"column":6},"end":{"line":130,"column":7}},"type":"if","locations":[{"start":{"line":124,"column":6},"end":{"line":130,"column":7}},{"start":{},"end":{}}],"line":124},"8":{"loc":{"start":{"line":131,"column":6},"end":{"line":137,"column":7}},"type":"if","locations":[{"start":{"line":131,"column":6},"end":{"line":137,"column":7}},{"start":{},"end":{}}],"line":131}},"s":{"0":11,"1":11,"2":1,"3":1,"4":1,"5":1,"6":1,"7":1,"8":0,"9":11,"10":0,"11":0,"12":0,"13":0,"14":0,"15":0,"16":0,"17":0,"18":0,"19":0,"20":0,"21":0,"22":0,"23":0,"24":0,"25":0,"26":0,"27":0,"28":0,"29":0,"30":0,"31":0,"32":0,"33":0,"34":0,"35":0,"36":0,"37":0,"38":0,"39":0,"40":0,"41":0,"42":0,"43":0,"44":11,"45":0,"46":0,"47":0,"48":0},"f":{"0":1,"1":0,"2":0},"b":{"0":[0,0],"1":[0,0],"2":[0,0],"3":[0,0],"4":[0,0],"5":[0,0],"6":[0,0],"7":[0,0],"8":[0,0]},"_coverageSchema":"1a1c01bbd47fc00a2c39e90264f33305004495a9","hash":"3f62473e7ea8d1d9e0a86a9d2c58d7e3271b99bb"}
,"/home/rguarinoni/Documents/findAMusicien/api/routes/refreshToken.ts": {"path":"/home/rguarinoni/Documents/findAMusicien/api/routes/refreshToken.ts","statementMap":{"0":{"start":{"line":18,"column":15},"end":{"line":18,"column":31}},"1":{"start":{"line":20,"column":0},"end":{"line":59,"column":2}},"2":{"start":{"line":31,"column":4},"end":{"line":57,"column":5}},"3":{"start":{"line":32,"column":23},"end":{"line":35,"column":6}},"4":{"start":{"line":36,"column":6},"end":{"line":38,"column":7}},"5":{"start":{"line":37,"column":8},"end":{"line":37,"column":72}},"6":{"start":{"line":40,"column":6},"end":{"line":54,"column":8}},"7":{"start":{"line":44,"column":10},"end":{"line":46,"column":11}},"8":{"start":{"line":45,"column":12},"end":{"line":45,"column":76}},"9":{"start":{"line":47,"column":30},"end":{"line":50,"column":11}},"10":{"start":{"line":52,"column":10},"end":{"line":52,"column":55}},"11":{"start":{"line":56,"column":6},"end":{"line":56,"column":70}}},"fnMap":{"0":{"name":"(anonymous_0)","decl":{"start":{"line":22,"column":2},"end":{"line":22,"column":3}},"loc":{"start":{"line":30,"column":7},"end":{"line":58,"column":3}},"line":30},"1":{"name":"(anonymous_1)","decl":{"start":{"line":43,"column":8},"end":{"line":43,"column":9}},"loc":{"start":{"line":43,"column":42},"end":{"line":53,"column":9}},"line":43}},"branchMap":{"0":{"loc":{"start":{"line":36,"column":6},"end":{"line":38,"column":7}},"type":"if","locations":[{"start":{"line":36,"column":6},"end":{"line":38,"column":7}},{"start":{},"end":{}}],"line":36},"1":{"loc":{"start":{"line":44,"column":10},"end":{"line":46,"column":11}},"type":"if","locations":[{"start":{"line":44,"column":10},"end":{"line":46,"column":11}},{"start":{},"end":{}}],"line":44},"2":{"loc":{"start":{"line":44,"column":14},"end":{"line":44,"column":65}},"type":"binary-expr","locations":[{"start":{"line":44,"column":14},"end":{"line":44,"column":17}},{"start":{"line":44,"column":21},"end":{"line":44,"column":65}}],"line":44}},"s":{"0":11,"1":11,"2":4,"3":4,"4":4,"5":1,"6":3,"7":3,"8":2,"9":1,"10":1,"11":0},"f":{"0":4,"1":3},"b":{"0":[1,3],"1":[2,1],"2":[3,1]},"_coverageSchema":"1a1c01bbd47fc00a2c39e90264f33305004495a9","hash":"11d45ae50e580d2367b15c3506282fcd8ba3b380"}
,"/home/rguarinoni/Documents/findAMusicien/api/routes/register.ts": {"path":"/home/rguarinoni/Documents/findAMusicien/api/routes/register.ts","statementMap":{"0":{"start":{"line":18,"column":15},"end":{"line":18,"column":31}},"1":{"start":{"line":20,"column":0},"end":{"line":154,"column":2}},"2":{"start":{"line":26,"column":17},"end":{"line":26,"column":25}},"3":{"start":{"line":28,"column":22},"end":{"line":28,"column":24}},"4":{"start":{"line":29,"column":4},"end":{"line":152,"column":7}},"5":{"start":{"line":30,"column":6},"end":{"line":35,"column":7}},"6":{"start":{"line":31,"column":8},"end":{"line":34,"column":11}},"7":{"start":{"line":36,"column":21},"end":{"line":36,"column":29}},"8":{"start":{"line":37,"column":6},"end":{"line":151,"column":7}},"9":{"start":{"line":38,"column":8},"end":{"line":65,"column":10}},"10":{"start":{"line":66,"column":8},"end":{"line":77,"column":9}},"11":{"start":{"line":66,"column":21},"end":{"line":66,"column":22}},"12":{"start":{"line":67,"column":10},"end":{"line":76,"column":15}},"13":{"start":{"line":78,"column":8},"end":{"line":89,"column":9}},"14":{"start":{"line":78,"column":21},"end":{"line":78,"column":22}},"15":{"start":{"line":79,"column":10},"end":{"line":88,"column":15}},"16":{"start":{"line":91,"column":28},"end":{"line":91,"column":79}},"17":{"start":{"line":93,"column":29},"end":{"line":93,"column":75}},"18":{"start":{"line":95,"column":8},"end":{"line":105,"column":13}},"19":{"start":{"line":107,"column":8},"end":{"line":115,"column":10}},"20":{"start":{"line":117,"column":8},"end":{"line":124,"column":10}},"21":{"start":{"line":126,"column":8},"end":{"line":145,"column":11}},"22":{"start":{"line":147,"column":8},"end":{"line":150,"column":11}}},"fnMap":{"0":{"name":"(anonymous_0)","decl":{"start":{"line":22,"column":2},"end":{"line":22,"column":3}},"loc":{"start":{"line":25,"column":7},"end":{"line":153,"column":3}},"line":25},"1":{"name":"(anonymous_1)","decl":{"start":{"line":29,"column":42},"end":{"line":29,"column":43}},"loc":{"start":{"line":29,"column":69},"end":{"line":152,"column":5}},"line":29}},"branchMap":{"0":{"loc":{"start":{"line":30,"column":6},"end":{"line":35,"column":7}},"type":"if","locations":[{"start":{"line":30,"column":6},"end":{"line":35,"column":7}},{"start":{},"end":{}}],"line":30},"1":{"loc":{"start":{"line":56,"column":12},"end":{"line":56,"column":39}},"type":"binary-expr","locations":[{"start":{"line":56,"column":12},"end":{"line":56,"column":31}},{"start":{"line":56,"column":35},"end":{"line":56,"column":39}}],"line":56},"2":{"loc":{"start":{"line":57,"column":12},"end":{"line":57,"column":46}},"type":"binary-expr","locations":[{"start":{"line":57,"column":12},"end":{"line":57,"column":38}},{"start":{"line":57,"column":42},"end":{"line":57,"column":46}}],"line":57},"3":{"loc":{"start":{"line":58,"column":12},"end":{"line":58,"column":45}},"type":"binary-expr","locations":[{"start":{"line":58,"column":12},"end":{"line":58,"column":37}},{"start":{"line":58,"column":41},"end":{"line":58,"column":45}}],"line":58},"4":{"loc":{"start":{"line":59,"column":12},"end":{"line":59,"column":47}},"type":"binary-expr","locations":[{"start":{"line":59,"column":12},"end":{"line":59,"column":39}},{"start":{"line":59,"column":43},"end":{"line":59,"column":47}}],"line":59}},"s":{"0":11,"1":11,"2":1,"3":1,"4":1,"5":1,"6":0,"7":1,"8":1,"9":1,"10":1,"11":1,"12":1,"13":1,"14":1,"15":1,"16":1,"17":1,"18":1,"19":1,"20":1,"21":1,"22":0},"f":{"0":1,"1":1},"b":{"0":[0,1],"1":[1,0],"2":[1,0],"3":[1,1],"4":[1,1]},"_coverageSchema":"1a1c01bbd47fc00a2c39e90264f33305004495a9","hash":"7ea2e1026337304bc7defb12923748b63f923d9b"}
,"/home/rguarinoni/Documents/findAMusicien/api/server/server.ts": {"path":"/home/rguarinoni/Documents/findAMusicien/api/server/server.ts","statementMap":{"0":{"start":{"line":21,"column":0},"end":{"line":21,"column":16}},"1":{"start":{"line":23,"column":12},"end":{"line":23,"column":21}},"2":{"start":{"line":25,"column":0},"end":{"line":25,"column":16}},"3":{"start":{"line":26,"column":0},"end":{"line":26,"column":24}},"4":{"start":{"line":29,"column":0},"end":{"line":29,"column":61}},"5":{"start":{"line":31,"column":0},"end":{"line":37,"column":2}},"6":{"start":{"line":40,"column":0},"end":{"line":40,"column":48}},"7":{"start":{"line":43,"column":0},"end":{"line":43,"column":37}},"8":{"start":{"line":44,"column":0},"end":{"line":44,"column":31}},"9":{"start":{"line":45,"column":0},"end":{"line":45,"column":46}},"10":{"start":{"line":46,"column":0},"end":{"line":46,"column":52}},"11":{"start":{"line":49,"column":0},"end":{"line":49,"column":52}},"12":{"start":{"line":50,"column":0},"end":{"line":50,"column":39}},"13":{"start":{"line":53,"column":0},"end":{"line":53,"column":61}},"14":{"start":{"line":56,"column":0},"end":{"line":56,"column":52}},"15":{"start":{"line":59,"column":0},"end":{"line":59,"column":52}},"16":{"start":{"line":62,"column":0},"end":{"line":68,"column":3}},"17":{"start":{"line":64,"column":2},"end":{"line":67,"column":5}}},"fnMap":{"0":{"name":"(anonymous_0)","decl":{"start":{"line":62,"column":8},"end":{"line":62,"column":9}},"loc":{"start":{"line":62,"column":33},"end":{"line":68,"column":1}},"line":62}},"branchMap":{"0":{"loc":{"start":{"line":64,"column":13},"end":{"line":64,"column":30}},"type":"binary-expr","locations":[{"start":{"line":64,"column":13},"end":{"line":64,"column":23}},{"start":{"line":64,"column":27},"end":{"line":64,"column":30}}],"line":64}},"s":{"0":11,"1":11,"2":11,"3":11,"4":11,"5":11,"6":11,"7":11,"8":11,"9":11,"10":11,"11":11,"12":11,"13":11,"14":11,"15":11,"16":11,"17":3},"f":{"0":3},"b":{"0":[3,2]},"_coverageSchema":"1a1c01bbd47fc00a2c39e90264f33305004495a9","hash":"d0d12ed98f879d8fa5e2805fac283e5492136b1e"}
}
