TN:
SF:api/postgres.ts
FNF:0
FNH:0
DA:3,11
LF:1
LH:1
BRF:0
BRH:0
end_of_record
TN:
SF:api/auth/authenticateToken.ts
FN:10,authenticateToken
FN:24,(anonymous_1)
FNF:2
FNH:2
FNDA:17,authenticateToken
FNDA:17,(anonymous_1)
DA:15,17
DA:16,17
DA:17,17
DA:18,0
DA:21,17
DA:25,17
DA:26,2
DA:29,17
DA:31,15
LF:9
LH:8
BRDA:17,0,0,0
BRDA:17,0,1,17
BRDA:25,1,0,2
BRDA:25,1,1,15
BRDA:25,2,0,17
BRDA:25,2,1,15
BRF:6
BRH:5
end_of_record
TN:
SF:api/auth/generateToken.ts
FN:10,generateToken
FNF:1
FNH:1
FNDA:16,generateToken
DA:8,11
DA:14,16
DA:16,12
DA:20,4
LF:4
LH:4
BRDA:14,0,0,12
BRDA:14,0,1,4
BRF:2
BRH:2
end_of_record
TN:
SF:api/docs/config/basicInfo.ts
FNF:0
FNH:0
DA:3,11
LF:1
LH:1
BRF:0
BRH:0
end_of_record
TN:
SF:api/docs/config/components.ts
FNF:0
FNH:0
DA:3,11
LF:1
LH:1
BRF:0
BRH:0
end_of_record
TN:
SF:api/docs/config/index.ts
FNF:0
FNH:0
DA:9,11
LF:1
LH:1
BRF:0
BRH:0
end_of_record
TN:
SF:api/docs/config/paths.ts
FNF:0
FNH:0
DA:1,11
LF:1
LH:1
BRF:0
BRH:0
end_of_record
TN:
SF:api/docs/config/security.ts
FNF:0
FNH:0
DA:3,11
LF:1
LH:1
BRF:0
BRH:0
end_of_record
TN:
SF:api/docs/config/servers.ts
FNF:0
FNH:0
DA:3,11
LF:1
LH:1
BRF:0
BRH:0
end_of_record
TN:
SF:api/docs/config/tags.ts
FNF:0
FNH:0
DA:3,11
LF:1
LH:1
BRF:0
BRH:0
end_of_record
TN:
SF:api/routes/apiTest.ts
FN:17,(anonymous_0)
FNF:1
FNH:1
FNDA:1,(anonymous_0)
DA:11,11
DA:15,11
DA:26,1
DA:27,1
LF:4
LH:4
BRF:0
BRH:0
end_of_record
TN:
SF:api/routes/genres.ts
FN:14,(anonymous_0)
FNF:1
FNH:1
FNDA:1,(anonymous_0)
DA:8,11
DA:12,11
DA:18,1
DA:19,1
DA:22,1
DA:24,0
LF:6
LH:5
BRF:0
BRH:0
end_of_record
TN:
SF:api/routes/groupInvitation.ts
FN:15,(anonymous_0)
FN:82,(anonymous_1)
FNF:2
FNH:2
FNDA:4,(anonymous_0)
FNDA:3,(anonymous_1)
DA:11,11
DA:13,11
DA:28,4
DA:29,4
DA:30,4
DA:31,4
DA:32,4
DA:33,4
DA:34,4
DA:40,4
DA:41,1
DA:44,3
DA:50,3
DA:51,2
DA:56,1
DA:72,1
DA:74,0
DA:75,0
DA:80,11
DA:94,3
DA:95,3
DA:101,3
DA:102,1
DA:107,2
DA:108,1
DA:111,1
DA:118,1
DA:120,0
LF:28
LH:25
BRDA:40,0,0,1
BRDA:40,0,1,3
BRDA:50,1,0,2
BRDA:50,1,1,1
BRDA:50,2,0,3
BRDA:50,2,1,2
BRDA:101,3,0,1
BRDA:101,3,1,2
BRDA:107,4,0,1
BRDA:107,4,1,1
BRF:10
BRH:10
end_of_record
TN:
SF:api/routes/groups.ts
FN:20,(anonymous_0)
FN:32,(anonymous_1)
FN:76,(anonymous_2)
FNF:3
FNH:3
FNDA:1,(anonymous_0)
FNDA:1,(anonymous_1)
FNDA:2,(anonymous_2)
DA:13,11
DA:15,11
DA:18,11
DA:24,1
DA:25,1
DA:27,1
DA:32,1
DA:33,1
DA:40,1
DA:41,1
DA:47,1
DA:51,1
DA:52,1
DA:61,1
DA:63,1
DA:65,0
DA:74,11
DA:89,2
DA:90,2
DA:92,2
DA:93,2
DA:107,1
DA:110,1
DA:111,1
DA:122,1
DA:138,1
DA:140,0
LF:27
LH:25
BRF:0
BRH:0
end_of_record
TN:
SF:api/routes/instruments.ts
FN:15,(anonymous_0)
FNF:1
FNH:1
FNDA:1,(anonymous_0)
DA:11,11
DA:13,11
DA:23,1
DA:31,1
DA:32,1
DA:34,0
LF:6
LH:5
BRF:0
BRH:0
end_of_record
TN:
SF:api/routes/login.ts
FN:19,(anonymous_0)
FNF:1
FNH:1
FNDA:5,(anonymous_0)
DA:15,11
DA:17,11
DA:23,5
DA:25,5
DA:32,5
DA:33,1
DA:36,4
DA:38,4
DA:39,4
DA:41,3
DA:42,2
DA:45,1
DA:50,1
DA:52,1
DA:64,1
DA:74,1
DA:83,1
DA:91,1
LF:18
LH:18
BRDA:32,0,0,1
BRDA:32,0,1,4
BRDA:41,1,0,2
BRDA:41,1,1,1
BRF:4
BRH:4
end_of_record
TN:
SF:api/routes/logout.ts
FN:16,(anonymous_0)
FNF:1
FNH:1
FNDA:1,(anonymous_0)
DA:12,11
DA:14,11
DA:20,1
DA:21,1
DA:27,1
DA:37,1
DA:47,1
DA:49,0
LF:8
LH:7
BRF:0
BRH:0
end_of_record
TN:
SF:api/routes/musicians.ts
FN:15,(anonymous_0)
FNF:1
FNH:1
FNDA:1,(anonymous_0)
DA:11,11
DA:13,11
DA:23,1
DA:24,1
DA:26,1
DA:27,1
DA:35,1
DA:37,1
DA:38,1
DA:45,1
DA:48,1
DA:50,0
LF:12
LH:11
BRF:0
BRH:0
end_of_record
TN:
SF:api/routes/profil.ts
FN:17,(anonymous_0)
FN:61,(anonymous_1)
FN:199,(anonymous_2)
FNF:3
FNH:1
FNDA:1,(anonymous_0)
FNDA:0,(anonymous_1)
FNDA:0,(anonymous_2)
DA:13,11
DA:15,11
DA:21,1
DA:24,1
DA:30,1
DA:38,1
DA:46,1
DA:52,1
DA:54,0
DA:59,11
DA:74,0
DA:75,0
DA:76,0
DA:82,0
DA:83,0
DA:89,0
DA:90,0
DA:96,0
DA:97,0
DA:103,0
DA:104,0
DA:110,0
DA:111,0
DA:117,0
DA:118,0
DA:124,0
DA:125,0
DA:131,0
DA:132,0
DA:141,0
DA:142,0
DA:143,0
DA:148,0
DA:159,0
DA:166,0
DA:167,0
DA:168,0
DA:173,0
DA:184,0
DA:187,0
DA:189,0
DA:190,0
DA:197,11
DA:211,0
DA:212,0
DA:217,0
DA:219,0
LF:47
LH:10
BRDA:75,0,0,0
BRDA:75,0,1,0
BRDA:82,1,0,0
BRDA:82,1,1,0
BRDA:89,2,0,0
BRDA:89,2,1,0
BRDA:96,3,0,0
BRDA:96,3,1,0
BRDA:103,4,0,0
BRDA:103,4,1,0
BRDA:110,5,0,0
BRDA:110,5,1,0
BRDA:117,6,0,0
BRDA:117,6,1,0
BRDA:124,7,0,0
BRDA:124,7,1,0
BRDA:131,8,0,0
BRDA:131,8,1,0
BRF:18
BRH:0
end_of_record
TN:
SF:api/routes/refreshToken.ts
FN:22,(anonymous_0)
FN:43,(anonymous_1)
FNF:2
FNH:2
FNDA:4,(anonymous_0)
FNDA:3,(anonymous_1)
DA:18,11
DA:20,11
DA:31,4
DA:32,4
DA:36,4
DA:37,1
DA:40,3
DA:44,3
DA:45,2
DA:47,1
DA:52,1
DA:56,0
LF:12
LH:11
BRDA:36,0,0,1
BRDA:36,0,1,3
BRDA:44,1,0,2
BRDA:44,1,1,1
BRDA:44,2,0,3
BRDA:44,2,1,1
BRF:6
BRH:6
end_of_record
TN:
SF:api/routes/register.ts
FN:22,(anonymous_0)
FN:29,(anonymous_1)
FNF:2
FNH:2
FNDA:1,(anonymous_0)
FNDA:1,(anonymous_1)
DA:18,11
DA:20,11
DA:26,1
DA:28,1
DA:29,1
DA:30,1
DA:31,0
DA:36,1
DA:37,1
DA:38,1
DA:66,1
DA:67,1
DA:78,1
DA:79,1
DA:91,1
DA:93,1
DA:95,1
DA:107,1
DA:117,1
DA:126,1
DA:147,0
LF:21
LH:19
BRDA:30,0,0,0
BRDA:30,0,1,1
BRDA:56,1,0,1
BRDA:56,1,1,0
BRDA:57,2,0,1
BRDA:57,2,1,0
BRDA:58,3,0,1
BRDA:58,3,1,1
BRDA:59,4,0,1
BRDA:59,4,1,1
BRF:10
BRH:7
end_of_record
TN:
SF:api/server/server.ts
FN:62,(anonymous_0)
FNF:1
FNH:1
FNDA:3,(anonymous_0)
DA:21,11
DA:23,11
DA:25,11
DA:26,11
DA:29,11
DA:31,11
DA:40,11
DA:43,11
DA:44,11
DA:45,11
DA:46,11
DA:49,11
DA:50,11
DA:53,11
DA:56,11
DA:59,11
DA:62,11
DA:64,3
LF:18
LH:18
BRDA:64,0,0,3
BRDA:64,0,1,2
BRF:2
BRH:2
end_of_record
